<?xml version="1.0" encoding="UTF-8"?>
<!-- Generated by org.testng.reporters.JUnitReportReporter -->
<testsuite skipped="0" hostname="User-PC" name="com.procrm.LoginPageTest" tests="2" failures="0" timestamp="24 Sep 2019 10:56:05 GMT" time="4.727" errors="0">
  <testcase name="loginHappyPathVerification" time="3.514" classname="com.procrm.LoginPageTest"/>
  <testcase name="homePageClick" time="1.213" classname="com.procrm.LoginPageTest"/>
</testsuite> <!-- com.procrm.LoginPageTest -->
